This is TeX, Version 3.1415926 (TeX Live 2009/Debian) (format=tex 2011.8.11)  23 NOV 2011 14:22
**hsvmhr.asm
(./hsvmhr.asm)
*q

*
! Interruption.
<*> 
    
? 
(Please type a command or say `\end')
*
! Interruption.
<*> 
    
? 
(Please type a command or say `\end')
*
(Please type a command or say `\end')
*
(Please type a command or say `\end')
*
(Please type a command or say `\end')
*
(Please type a command or say `\end')
*^^H^^H
! Interruption.
<*> 
    ^^H^^H
? 

*
(Please type a command or say `\end')
*\end
[1]
Output written on hsvmhr.dvi (1 page, 632 bytes).
